<?xml version="1.0" encoding="UTF-8"?>
<testng-results skipped="0" failed="0" ignored="1" total="2" passed="1">
  <reporter-output>
  </reporter-output>
  <suite name="Default suite" duration-ms="8066" started-at="2019-04-25T13:57:20Z" finished-at="2019-04-25T13:57:28Z">
    <groups>
    </groups>
    <test name="Default test" duration-ms="8066" started-at="2019-04-25T13:57:20Z" finished-at="2019-04-25T13:57:28Z">
      <class name="tests.TestSet">
        <test-method status="PASS" signature="startDriver()[pri:0, instance:tests.TestSet@5340477f]" name="startDriver" is-config="true" duration-ms="58" started-at="2019-04-25T16:57:20Z" finished-at="2019-04-25T16:57:20Z">
          <reporter-output>
          </reporter-output>
        </test-method> <!-- startDriver -->
        <test-method status="PASS" signature="startTest()[pri:0, instance:tests.TestSet@5340477f]" name="startTest" is-config="true" duration-ms="2511" started-at="2019-04-25T16:57:20Z" finished-at="2019-04-25T16:57:22Z">
          <reporter-output>
          </reporter-output>
        </test-method> <!-- startTest -->
        <test-method status="PASS" signature="testSearchForWord(java.lang.String, java.lang.String)[pri:0, instance:tests.TestSet@5340477f]" name="testSearchForWord" duration-ms="3104" started-at="2019-04-25T16:57:22Z" data-provider="searchWord" finished-at="2019-04-25T16:57:25Z">
          <params>
            <param index="0">
              <value>
                <![CDATA[automation]]>
              </value>
            </param>
            <param index="1">
              <value>
                <![CDATA[1]]>
              </value>
            </param>
          </params>
          <reporter-output>
          </reporter-output>
        </test-method> <!-- testSearchForWord -->
        <test-method status="PASS" signature="afterMethod()[pri:0, instance:tests.TestSet@5340477f]" name="afterMethod" is-config="true" duration-ms="0" started-at="2019-04-25T16:57:25Z" finished-at="2019-04-25T16:57:25Z">
          <reporter-output>
          </reporter-output>
        </test-method> <!-- afterMethod -->
        <test-method status="PASS" signature="tearDown()[pri:0, instance:tests.TestSet@5340477f]" name="tearDown" is-config="true" duration-ms="2312" started-at="2019-04-25T16:57:25Z" finished-at="2019-04-25T16:57:28Z">
          <reporter-output>
          </reporter-output>
        </test-method> <!-- tearDown -->
      </class> <!-- tests.TestSet -->
    </test> <!-- Default test -->
  </suite> <!-- Default suite -->
</testng-results>
